Device: cuda
Train: 2758 cases | Val: 306 cases
Unexpected keys (bn2.num_batches_tracked, bn2.bias, bn2.running_mean, bn2.running_var, bn2.weight, classifier.bias, classifier.weight, conv_head.weight) found while loading pretrained weights. This may be expected if model is being adapted.
[  1/100] lr=1.00e-04 train_loss=0.8958 val_loss=0.7838 val_dice=0.1560 val_iou=0.1000 (88.1s)
[  2/100] lr=1.00e-04 train_loss=0.6477 val_loss=0.5947 val_dice=0.2147 val_iou=0.1484 (88.3s)
[  3/100] lr=1.00e-04 train_loss=0.4728 val_loss=0.4840 val_dice=0.3512 val_iou=0.2462 (89.7s)
[  4/100] lr=1.00e-04 train_loss=0.4125 val_loss=0.4433 val_dice=0.4699 val_iou=0.3462 (88.6s)
[  5/100] lr=1.00e-04 train_loss=0.3902 val_loss=0.4459 val_dice=0.6338 val_iou=0.4865 (88.7s)
[  6/100] lr=1.00e-04 train_loss=0.2695 val_loss=0.3751 val_dice=0.6846 val_iou=0.5483 (88.9s)
[  7/100] lr=1.00e-04 train_loss=0.2072 val_loss=0.2716 val_dice=0.7655 val_iou=0.6372 (88.8s)
[  8/100] lr=1.00e-04 train_loss=0.1871 val_loss=0.2626 val_dice=0.7766 val_iou=0.6523 (89.7s)
[  9/100] lr=1.00e-04 train_loss=0.1669 val_loss=0.2821 val_dice=0.7593 val_iou=0.6340 (87.9s)
[ 10/100] lr=1.00e-04 train_loss=0.1564 val_loss=0.2469 val_dice=0.7901 val_iou=0.6698 (89.2s)
[ 11/100] lr=1.00e-04 train_loss=0.1462 val_loss=0.2532 val_dice=0.7696 val_iou=0.6410 (89.0s)
[ 12/100] lr=1.00e-04 train_loss=0.1360 val_loss=0.2413 val_dice=0.7863 val_iou=0.6644 (88.5s)
[ 13/100] lr=1.00e-04 train_loss=0.1299 val_loss=0.2510 val_dice=0.7820 val_iou=0.6604 (88.6s)
[ 14/100] lr=1.00e-04 train_loss=0.1213 val_loss=0.2404 val_dice=0.7952 val_iou=0.6757 (88.8s)
[ 15/100] lr=1.00e-04 train_loss=0.1184 val_loss=0.2440 val_dice=0.7856 val_iou=0.6617 (88.8s)
[ 16/100] lr=1.00e-04 train_loss=0.1116 val_loss=0.2461 val_dice=0.7821 val_iou=0.6562 (88.9s)
[ 17/100] lr=1.00e-04 train_loss=0.1025 val_loss=0.2350 val_dice=0.7963 val_iou=0.6766 (88.9s)
[ 18/100] lr=1.00e-04 train_loss=0.1000 val_loss=0.2344 val_dice=0.8012 val_iou=0.6844 (89.2s)
[ 19/100] lr=1.00e-04 train_loss=0.0969 val_loss=0.2323 val_dice=0.7999 val_iou=0.6818 (88.4s)
[ 20/100] lr=1.00e-04 train_loss=0.0940 val_loss=0.2309 val_dice=0.8015 val_iou=0.6845 (88.4s)
[ 21/100] lr=1.00e-04 train_loss=0.0908 val_loss=0.2281 val_dice=0.8020 val_iou=0.6839 (87.7s)
[ 22/100] lr=1.00e-04 train_loss=0.0866 val_loss=0.2309 val_dice=0.8015 val_iou=0.6845 (89.1s)
[ 23/100] lr=1.00e-04 train_loss=0.0806 val_loss=0.2276 val_dice=0.8016 val_iou=0.6859 (88.8s)
[ 24/100] lr=1.00e-04 train_loss=0.0803 val_loss=0.2291 val_dice=0.7967 val_iou=0.6782 (89.0s)
[ 25/100] lr=1.00e-04 train_loss=0.0782 val_loss=0.2251 val_dice=0.8012 val_iou=0.6846 (88.6s)
[ 26/100] lr=1.00e-04 train_loss=0.0779 val_loss=0.2303 val_dice=0.7969 val_iou=0.6784 (88.7s)
[ 27/100] lr=1.00e-04 train_loss=0.0755 val_loss=0.2326 val_dice=0.7959 val_iou=0.6785 (88.6s)
[ 28/100] lr=1.00e-04 train_loss=0.0701 val_loss=0.2350 val_dice=0.7997 val_iou=0.6828 (87.9s)
[ 29/100] lr=1.00e-04 train_loss=0.0735 val_loss=0.2437 val_dice=0.7896 val_iou=0.6728 (88.1s)
[ 30/100] lr=1.00e-04 train_loss=0.0703 val_loss=0.2262 val_dice=0.8069 val_iou=0.6932 (88.3s)
[ 31/100] lr=1.00e-04 train_loss=0.0650 val_loss=0.2245 val_dice=0.8129 val_iou=0.6993 (89.1s)
[ 32/100] lr=1.00e-04 train_loss=0.0634 val_loss=0.2428 val_dice=0.7971 val_iou=0.6803 (89.3s)
[ 33/100] lr=1.00e-04 train_loss=0.0632 val_loss=0.2391 val_dice=0.8028 val_iou=0.6869 (87.8s)
[ 34/100] lr=1.00e-04 train_loss=0.0630 val_loss=0.2354 val_dice=0.7973 val_iou=0.6810 (87.9s)
[ 35/100] lr=1.00e-04 train_loss=0.0615 val_loss=0.2271 val_dice=0.8045 val_iou=0.6907 (88.4s)
[ 36/100] lr=1.00e-04 train_loss=0.0621 val_loss=0.2273 val_dice=0.8036 val_iou=0.6878 (88.8s)
[ 37/100] lr=1.00e-05 train_loss=0.0583 val_loss=0.2295 val_dice=0.8036 val_iou=0.6881 (88.6s)
[ 38/100] lr=1.00e-05 train_loss=0.0534 val_loss=0.2238 val_dice=0.8077 val_iou=0.6936 (88.8s)
[ 39/100] lr=1.00e-05 train_loss=0.0510 val_loss=0.2317 val_dice=0.8008 val_iou=0.6857 (89.1s)
[ 40/100] lr=1.00e-05 train_loss=0.0490 val_loss=0.2294 val_dice=0.8013 val_iou=0.6861 (88.8s)
[ 41/100] lr=1.00e-05 train_loss=0.0479 val_loss=0.2290 val_dice=0.8026 val_iou=0.6875 (86.2s)
[ 42/100] lr=1.00e-05 train_loss=0.0467 val_loss=0.2269 val_dice=0.8045 val_iou=0.6900 (54.7s)
[ 43/100] lr=1.00e-05 train_loss=0.0460 val_loss=0.2243 val_dice=0.8078 val_iou=0.6936 (54.5s)
[ 44/100] lr=1.00e-06 train_loss=0.0448 val_loss=0.2289 val_dice=0.8049 val_iou=0.6905 (54.0s)
[ 45/100] lr=1.00e-06 train_loss=0.0441 val_loss=0.2237 val_dice=0.8082 val_iou=0.6940 (54.5s)
[ 46/100] lr=1.00e-06 train_loss=0.0438 val_loss=0.2287 val_dice=0.8055 val_iou=0.6910 (52.4s)
[ 47/100] lr=1.00e-06 train_loss=0.0439 val_loss=0.2252 val_dice=0.8074 val_iou=0.6934 (51.4s)
[ 48/100] lr=1.00e-06 train_loss=0.0437 val_loss=0.2274 val_dice=0.8052 val_iou=0.6908 (51.8s)
[ 49/100] lr=1.00e-06 train_loss=0.0434 val_loss=0.2283 val_dice=0.8055 val_iou=0.6911 (53.4s)
[ 50/100] lr=1.00e-06 train_loss=0.0435 val_loss=0.2290 val_dice=0.8032 val_iou=0.6883 (54.2s)
[ 51/100] lr=1.00e-07 train_loss=0.0434 val_loss=0.2297 val_dice=0.8033 val_iou=0.6886 (52.2s)
[ 52/100] lr=1.00e-07 train_loss=0.0431 val_loss=0.2276 val_dice=0.8050 val_iou=0.6905 (54.4s)
[ 53/100] lr=1.00e-07 train_loss=0.0431 val_loss=0.2271 val_dice=0.8064 val_iou=0.6917 (50.7s)
[ 54/100] lr=1.00e-07 train_loss=0.0432 val_loss=0.2291 val_dice=0.8046 val_iou=0.6900 (55.3s)
[ 55/100] lr=1.00e-07 train_loss=0.0434 val_loss=0.2270 val_dice=0.8070 val_iou=0.6928 (54.6s)
Early stopping: no val_loss improvement for 10 epochs.

Done. Best val_loss=0.2237. Checkpoints + training_log.csv saved to training_output/efficientnet_unet_pipeline
